#
# There is insufficient memory for the Java Runtime Environment to continue.
# Native memory allocation (malloc) failed to allocate 1048576 bytes for AllocateHeap
# Possible reasons:
#   The system is out of physical RAM or swap space
#   In 32 bit mode, the process size limit was hit
# Possible solutions:
#   Reduce memory load on the system
#   Increase physical memory or swap space
#   Check if swap backing store is full
#   Use 64 bit Java on a 64 bit OS
#   Decrease Java heap size (-Xmx/-Xms)
#   Decrease number of Java threads
#   Decrease Java thread stack sizes (-Xss)
#   Set larger code cache with -XX:ReservedCodeCacheSize=
# This output file may be truncated or incomplete.
#
#  Out of Memory Error (memory/allocation.inline.hpp:61), pid=18828, tid=0x0000000000001dc4
#
# JRE version:  (8.0_111-b14) (build )
# Java VM: Java HotSpot(TM) 64-Bit Server VM (25.111-b14 mixed mode windows-amd64 compressed oops)
# Failed to write core dump. Minidumps are not enabled by default on client versions of Windows
#

---------------  T H R E A D  ---------------

Current thread (0x0000000002d74000):  JavaThread "Unknown thread" [_thread_in_vm, id=7620, stack(0x0000000002c70000,0x0000000002d70000)]

Stack: [0x0000000002c70000,0x0000000002d70000]
[error occurred during error reporting (printing stack bounds), id 0xc0000005]

Native frames: (J=compiled Java code, j=interpreted, Vv=VM code, C=native code)


---------------  P R O C E S S  ---------------

Java Threads: ( => current thread )

Other Threads:

=>0x0000000002d74000 (exited) JavaThread "Unknown thread" [_thread_in_vm, id=7620, stack(0x0000000002c70000,0x0000000002d70000)]

VM state:not at safepoint (normal execution)

VM Mutex/Monitor currently owned by a thread: None

Heap:
 PSYoungGen      total 37888K, used 655K [0x00000000d6100000, 0x00000000d8b00000, 0x0000000100000000)
  eden space 32768K, 2% used [0x00000000d6100000,0x00000000d61a3d80,0x00000000d8100000)
  from space 5120K, 0% used [0x00000000d8600000,0x00000000d8600000,0x00000000d8b00000)
  to   space 5120K, 0% used [0x00000000d8100000,0x00000000d8100000,0x00000000d8600000)
 ParOldGen       total 86016K, used 0K [0x0000000082200000, 0x0000000087600000, 0x00000000d6100000)
  object space 86016K, 0% used [0x0000000082200000,0x0000000082200000,0x0000000087600000)
 Metaspace       used 770K, capacity 4480K, committed 4480K, reserved 1056768K
  class space    used 75K, capacity 384K, committed 384K, reserved 1048576K

Card table byte_map: [0x0000000012230000,0x0000000012620000] byte_map_base: 0x0000000011e1f000

Marking Bits: (ParMarkBitMap*) 0x0000000069eca6c0
 Begin Bits: [0x00000000130c0000, 0x0000000015038000)
 End Bits:   [0x0000000015038000, 0x0000000016fb0000)

Polling page: 0x0000000002730000

CodeCache: size=245760Kb used=328Kb max_used=328Kb free=245431Kb
 bounds [0x0000000002e70000, 0x00000000030e0000, 0x0000000011e70000]
 total_blobs=58 nmethods=0 adapters=38
 compilation: enabled

Compilation events (0 events):
No events

GC Heap History (0 events):
No events

Deoptimization events (0 events):
No events

Internal exceptions (0 events):
No events

Events (10 events):
Event: 0.021 loading class java/lang/Short
Event: 0.021 loading class java/lang/Short done
Event: 0.021 loading class java/lang/Integer
Event: 0.021 loading class java/lang/Integer done
Event: 0.021 loading class java/lang/Long
Event: 0.021 loading class java/lang/Long done
Event: 0.022 loading class java/lang/NullPointerException
Event: 0.022 loading class java/lang/NullPointerException done
Event: 0.022 loading class java/lang/ArithmeticException
Event: 0.022 loading class java/lang/ArithmeticException done


Dynamic libraries:
0x00007ff70ee40000 - 0x00007ff70ee77000 	D:\Program Files\Java\jdk1.8.0_111\bin\java.exe
0x00007ff8a1ac0000 - 0x00007ff8a1c81000 	C:\Windows\SYSTEM32\ntdll.dll
0x00007ff8a19f0000 - 0x00007ff8a1a9d000 	C:\Windows\system32\KERNEL32.DLL
0x00007ff89eb00000 - 0x00007ff89ece8000 	C:\Windows\system32\KERNELBASE.dll
0x00007ff8a16c0000 - 0x00007ff8a1767000 	C:\Windows\system32\ADVAPI32.dll
0x00007ff8a1310000 - 0x00007ff8a13ad000 	C:\Windows\system32\msvcrt.dll
0x00007ff8a1510000 - 0x00007ff8a156b000 	C:\Windows\system32\sechost.dll
0x00007ff8a0b10000 - 0x00007ff8a0c2c000 	C:\Windows\system32\RPCRT4.dll
0x00007ff8a13b0000 - 0x00007ff8a1506000 	C:\Windows\system32\USER32.dll
0x00007ff8a1120000 - 0x00007ff8a12a6000 	C:\Windows\system32\GDI32.dll
0x00007ff899cc0000 - 0x00007ff899f34000 	C:\Windows\WinSxS\amd64_microsoft.windows.common-controls_6595b64144ccf1df_6.0.10586.589_none_a2ddb3caa539acce\COMCTL32.dll
0x00007ff8a1770000 - 0x00007ff8a19ed000 	C:\Windows\system32\combase.dll
0x00007ff89e440000 - 0x00007ff89e4aa000 	C:\Windows\system32\bcryptPrimitives.dll
0x00007ff8a0c30000 - 0x00007ff8a0c6b000 	C:\Windows\system32\IMM32.DLL
0x0000000069510000 - 0x00000000695e2000 	D:\Program Files\Java\jdk1.8.0_111\jre\bin\msvcr100.dll
0x00000000696b0000 - 0x0000000069f4a000 	D:\Program Files\Java\jdk1.8.0_111\jre\bin\server\jvm.dll
0x00007ff8a1ab0000 - 0x00007ff8a1ab8000 	C:\Windows\system32\PSAPI.DLL
0x00007ff891060000 - 0x00007ff891069000 	C:\Windows\SYSTEM32\WSOCK32.dll
0x00007ff89a8f0000 - 0x00007ff89a8fa000 	C:\Windows\SYSTEM32\VERSION.dll
0x00007ff89c470000 - 0x00007ff89c493000 	C:\Windows\SYSTEM32\WINMM.dll
0x00007ff8a0f50000 - 0x00007ff8a0fbb000 	C:\Windows\system32\WS2_32.dll
0x0000000002750000 - 0x000000000277c000 	C:\Windows\SYSTEM32\WINMMBASE.dll
0x00007ff89e360000 - 0x00007ff89e3a3000 	C:\Windows\system32\cfgmgr32.dll
0x000000006a430000 - 0x000000006a43f000 	D:\Program Files\Java\jdk1.8.0_111\jre\bin\verify.dll
0x000000006a3c0000 - 0x000000006a3e9000 	D:\Program Files\Java\jdk1.8.0_111\jre\bin\java.dll
0x000000006a410000 - 0x000000006a426000 	D:\Program Files\Java\jdk1.8.0_111\jre\bin\zip.dll

VM Arguments:
jvm_args: -Didea.launcher.port=7538 -Didea.launcher.bin.path=D:\IntelliJ IDEA 2016.3.1\bin -Dfile.encoding=UTF-8 
java_command: com.intellij.rt.execution.application.AppMain com.pcm.util.PropertiesUtils
java_class_path (initial): D:\Program Files\Java\jdk1.8.0_111\jre\lib\charsets.jar;D:\Program Files\Java\jdk1.8.0_111\jre\lib\deploy.jar;D:\Program Files\Java\jdk1.8.0_111\jre\lib\ext\access-bridge-64.jar;D:\Program Files\Java\jdk1.8.0_111\jre\lib\ext\cldrdata.jar;D:\Program Files\Java\jdk1.8.0_111\jre\lib\ext\dnsns.jar;D:\Program Files\Java\jdk1.8.0_111\jre\lib\ext\jaccess.jar;D:\Program Files\Java\jdk1.8.0_111\jre\lib\ext\jfxrt.jar;D:\Program Files\Java\jdk1.8.0_111\jre\lib\ext\localedata.jar;D:\Program Files\Java\jdk1.8.0_111\jre\lib\ext\nashorn.jar;D:\Program Files\Java\jdk1.8.0_111\jre\lib\ext\sunec.jar;D:\Program Files\Java\jdk1.8.0_111\jre\lib\ext\sunjce_provider.jar;D:\Program Files\Java\jdk1.8.0_111\jre\lib\ext\sunmscapi.jar;D:\Program Files\Java\jdk1.8.0_111\jre\lib\ext\sunpkcs11.jar;D:\Program Files\Java\jdk1.8.0_111\jre\lib\ext\zipfs.jar;D:\Program Files\Java\jdk1.8.0_111\jre\lib\javaws.jar;D:\Program Files\Java\jdk1.8.0_111\jre\lib\jce.jar;D:\Program Files\Java\jdk1.8.0_111\jre\lib\jfr.jar;D:\Program Files\Java\jdk1.8.0_111\jre\lib\jfxswt.jar;D:\Program Files\Java\jdk1.8.0_111\jre\lib\jsse.jar;D:\Program Files\Java\jdk1.8.0_111\jre\lib\management-agent.jar;D:\Program Files\Java\jdk1.8.0_111\jre\lib\plugin.jar;D:\Program Files\Java\jdk1.8.0_111\jre\lib\resources.jar;D:\Program Files\Java\jdk1.8.0_111\jre\lib\rt.jar;E:\Git\TheProducerConsumerModel\target\classes;E:\Maven\Repositories\junit\junit\4.12\junit-4.12.jar;E:\Maven\Repositories\org\hamcrest\hamcrest-core\1.3\hamcrest-core-1.3.jar;E:\Maven\Repositories\org\projectlombok\lombok\1.16.12\lombok-1.16.12.jar;E:\Maven\Repositories\org\apache\commons\commons-lang3\3.5\commons-lang3-3.5.jar;E:\Maven\Repositories\log4j\log4j\1.2.17\log4j-1.2.17.jar;E:\Maven\Repositories\org\slf4j\slf4j-api\1.7.22\slf4j-api-1.7.22.jar;E:\Maven\Repositories\org\slf4j\slf4j-log4j12\1.7.22\slf4j-log4j12-1.7.22.jar;E:\Maven\Repositories\org\junit\jupiter\junit-jupiter-api\5.0.0-M3\junit-jupiter-api-5.0.0-M3.jar;E:\Maven\Repos
Launcher Type: SUN_STANDARD

Environment Variables:
JAVA_HOME=D:\Program Files\Java\jdk1.8.0_111
PATH=D:\nTurn\Goto;C:\Users\ankang\AppData\Local\Temp\7zO8FDE4B20\Goto;C:\Program Files (x86)\NVIDIA Corporation\PhysX\Common;D:\app\oracle\product\10.2.0\server\bin;C:\Windows\system32;C:\Windows;C:\Windows\System32\Wbem;C:\Windows\System32\WindowsPowerShell\v1.0\;"D:\Program Files\Java\jdk1.8.0_111\bin";D:\VanDyke Software\Clients\;C:\Program Files (x86)\MySQL\MySQL Server 5.0\bin;D:\Skype\Phone\;D:\Subversion\bin;D:\VisualSVN Server\bin;D:\Program Files\TortoiseSVN\bin;D:\apache-maven-3.3.9\bin
USERNAME=ankang
OS=Windows_NT
PROCESSOR_IDENTIFIER=Intel64 Family 6 Model 60 Stepping 3, GenuineIntel



---------------  S Y S T E M  ---------------

OS: Windows 10.0 , 64 bit Build 10586 (10.0.10586.589)

CPU:total 8 (4 cores per cpu, 2 threads per core) family 6 model 60 stepping 3, cmov, cx8, fxsr, mmx, sse, sse2, sse3, ssse3, sse4.1, sse4.2, popcnt, avx, avx2, aes, clmul, erms, lzcnt, ht, tsc, tscinvbit, bmi1, bmi2

Memory: 4k page, physical 8247000k(2379692k free), swap 8247000k(5628k free)

vm_info: Java HotSpot(TM) 64-Bit Server VM (25.111-b14) for windows-amd64 JRE (1.8.0_111-b14), built on Sep 22 2016 19:24:05 by "java_re" with MS VC++ 10.0 (VS2010)

time: Tue Feb 07 18:10:35 2017
elapsed time: 0 seconds (0d 0h 0m 0s)

