#
# There is insufficient memory for the Java Runtime Environment to continue.
# Native memory allocation (malloc) failed to allocate 257936 bytes for Chunk::new
# Possible reasons:
#   The system is out of physical RAM or swap space
#   In 32 bit mode, the process size limit was hit
# Possible solutions:
#   Reduce memory load on the system
#   Increase physical memory or swap space
#   Check if swap backing store is full
#   Use 64 bit Java on a 64 bit OS
#   Decrease Java heap size (-Xmx/-Xms)
#   Decrease number of Java threads
#   Decrease Java thread stack sizes (-Xss)
#   Set larger code cache with -XX:ReservedCodeCacheSize=
# This output file may be truncated or incomplete.
#
#  Out of Memory Error (allocation.cpp:390), pid=22644, tid=0x0000000000003c08
#
# JRE version: Java(TM) SE Runtime Environment (8.0_111-b14) (build 1.8.0_111-b14)
# Java VM: Java HotSpot(TM) 64-Bit Server VM (25.111-b14 mixed mode windows-amd64 compressed oops)
# Failed to write core dump. Minidumps are not enabled by default on client versions of Windows
#

---------------  T H R E A D  ---------------

Current thread (0x0000000019f72800):  JavaThread "C2 CompilerThread0" daemon [_thread_in_native, id=15368, stack(0x000000001a640000,0x000000001a740000)]

Stack: [0x000000001a640000,0x000000001a740000]
[error occurred during error reporting (printing stack bounds), id 0xc0000005]

Native frames: (J=compiled Java code, j=interpreted, Vv=VM code, C=native code)


Current CompileTask:
C2:    583  704       4       java.io.WinNTFileSystem::normalize (143 bytes)


---------------  P R O C E S S  ---------------

Java Threads: ( => current thread )
  0x000000001a0a3800 JavaThread "Monitor Ctrl-Break" daemon [_thread_in_native, id=18824, stack(0x000000001ac90000,0x000000001ad90000)]
  0x000000001a01c000 JavaThread "Service Thread" daemon [_thread_blocked, id=9384, stack(0x000000001aa40000,0x000000001ab40000)]
  0x0000000019f7f800 JavaThread "C1 CompilerThread3" daemon [_thread_blocked, id=204, stack(0x000000001a940000,0x000000001aa40000)]
  0x0000000019f76000 JavaThread "C2 CompilerThread2" daemon [_thread_in_native, id=7932, stack(0x000000001a840000,0x000000001a940000)]
  0x0000000019f74800 JavaThread "C2 CompilerThread1" daemon [_thread_blocked, id=1664, stack(0x000000001a740000,0x000000001a840000)]
=>0x0000000019f72800 JavaThread "C2 CompilerThread0" daemon [_thread_in_native, id=15368, stack(0x000000001a640000,0x000000001a740000)]
  0x0000000019f1c000 JavaThread "Attach Listener" daemon [_thread_blocked, id=1588, stack(0x000000001a540000,0x000000001a640000)]
  0x0000000019f70000 JavaThread "Signal Dispatcher" daemon [_thread_blocked, id=21428, stack(0x000000001a440000,0x000000001a540000)]
  0x0000000019f00800 JavaThread "Finalizer" daemon [_thread_blocked, id=15484, stack(0x000000001a2e0000,0x000000001a3e0000)]
  0x00000000030ec000 JavaThread "Reference Handler" daemon [_thread_blocked, id=20776, stack(0x0000000019de0000,0x0000000019ee0000)]
  0x0000000002ff4800 JavaThread "main" [_thread_in_vm, id=21856, stack(0x0000000002ef0000,0x0000000002ff0000)]

Other Threads:
  0x0000000018009800 VMThread [stack: 0x0000000019ce0000,0x0000000019de0000] [id=16452]
  0x000000001a092000 WatcherThread [stack: 0x000000001ab40000,0x000000001ac40000] [id=16076]

VM state:not at safepoint (normal execution)

VM Mutex/Monitor currently owned by a thread: None

Heap:
 PSYoungGen      total 37888K, used 21001K [0x00000000d6100000, 0x00000000d8b00000, 0x0000000100000000)
  eden space 32768K, 64% used [0x00000000d6100000,0x00000000d7582458,0x00000000d8100000)
  from space 5120K, 0% used [0x00000000d8600000,0x00000000d8600000,0x00000000d8b00000)
  to   space 5120K, 0% used [0x00000000d8100000,0x00000000d8100000,0x00000000d8600000)
 ParOldGen       total 86016K, used 0K [0x0000000082200000, 0x0000000087600000, 0x00000000d6100000)
  object space 86016K, 0% used [0x0000000082200000,0x0000000082200000,0x0000000087600000)
 Metaspace       used 8201K, capacity 8744K, committed 8832K, reserved 1056768K
  class space    used 1020K, capacity 1138K, committed 1152K, reserved 1048576K

Card table byte_map: [0x00000000124b0000,0x00000000128a0000] byte_map_base: 0x000000001209f000

Marking Bits: (ParMarkBitMap*) 0x0000000069eca6c0
 Begin Bits: [0x0000000013340000, 0x00000000152b8000)
 End Bits:   [0x00000000152b8000, 0x0000000017230000)

Polling page: 0x0000000002a20000

CodeCache: size=245760Kb used=2967Kb max_used=2967Kb free=242792Kb
 bounds [0x00000000030f0000, 0x00000000033e0000, 0x00000000120f0000]
 total_blobs=1050 nmethods=751 adapters=212
 compilation: enabled

Compilation events (10 events):
Event: 0.567 Thread 0x0000000019f7f800 nmethod 748 0x00000000033d0910 code [0x00000000033d0a80, 0x00000000033d0cc8]
Event: 0.571 Thread 0x0000000019f7f800  749       3       java.util.Properties::loadConvert (505 bytes)
Event: 0.572 Thread 0x0000000019f7f800 nmethod 749 0x00000000033d2110 code [0x00000000033d2300, 0x00000000033d2c18]
Event: 0.572 Thread 0x0000000019f7f800  750       3       java.lang.StringBuffer::<init> (7 bytes)
Event: 0.572 Thread 0x0000000019f7f800 nmethod 750 0x00000000033d1bd0 code [0x00000000033d1d40, 0x00000000033d1ff0]
Event: 0.572 Thread 0x0000000019f7f800  751       3       java.lang.Package::isSealed (13 bytes)
Event: 0.572 Thread 0x0000000019f7f800 nmethod 751 0x00000000033d0590 code [0x00000000033d06e0, 0x00000000033d0890]
Event: 0.573 Thread 0x0000000019f7f800  752       3       java.net.URLClassLoader::defineClass (142 bytes)
Event: 0.574 Thread 0x0000000019f76000  753       4       sun.net.www.ParseUtil::encodePath (336 bytes)
Event: 0.574 Thread 0x0000000019f7f800 nmethod 752 0x00000000033d37d0 code [0x00000000033d3b40, 0x00000000033d5e18]

GC Heap History (0 events):
No events

Deoptimization events (2 events):
Event: 0.159 Thread 0x0000000002ff4800 Uncommon trap: reason=unstable_if action=reinterpret pc=0x0000000003201cb8 method=java.lang.String.hashCode()I @ 14
Event: 0.319 Thread 0x0000000002ff4800 Uncommon trap: reason=unstable_if action=reinterpret pc=0x0000000003219ac0 method=java.lang.CharacterData.of(I)Ljava/lang/CharacterData; @ 4

Internal exceptions (10 events):
Event: 0.305 Thread 0x0000000002ff4800 Exception <a 'java/security/PrivilegedActionException'> (0x00000000d67143f8) thrown at [C:\re\workspace\8-2-build-windows-amd64-cygwin\jdk8u111\7883\hotspot\src\share\vm\prims\jvm.cpp, line 1386]
Event: 0.305 Thread 0x0000000002ff4800 Exception <a 'java/security/PrivilegedActionException'> (0x00000000d67147f0) thrown at [C:\re\workspace\8-2-build-windows-amd64-cygwin\jdk8u111\7883\hotspot\src\share\vm\prims\jvm.cpp, line 1386]
Event: 0.362 Thread 0x0000000002ff4800 Exception <a 'java/lang/NoSuchMethodError': java.lang.Object.lambda$or$2(Ljava/util/function/Predicate;Ljava/lang/Object;)Z> (0x00000000d6a0e018) thrown at [C:\re\workspace\8-2-build-windows-amd64-cygwin\jdk8u111\7883\hotspot\src\share\vm\interpreter\link
Event: 0.396 Thread 0x0000000002ff4800 Exception <a 'java/lang/IncompatibleClassChangeError': Found class java.lang.Object, but interface was expected> (0x00000000d6b92208) thrown at [C:\re\workspace\8-2-build-windows-amd64-cygwin\jdk8u111\7883\hotspot\src\share\vm\interpreter\linkResolver.cpp
Event: 0.432 Thread 0x0000000002ff4800 Exception <a 'java/lang/NoSuchMethodError': java.lang.Object.lambda$accept$0(Lorg/junit/platform/engine/TestDescriptor$Visitor;Lorg/junit/platform/engine/TestDescriptor;)V> (0x00000000d6d063f0) thrown at [C:\re\workspace\8-2-build-windows-amd64-cygwin\jdk
Event: 0.433 Thread 0x0000000002ff4800 Exception <a 'java/lang/IncompatibleClassChangeError': Found class java.lang.Object, but interface was expected> (0x00000000d6d0d148) thrown at [C:\re\workspace\8-2-build-windows-amd64-cygwin\jdk8u111\7883\hotspot\src\share\vm\interpreter\linkResolver.cpp
Event: 0.443 Thread 0x0000000002ff4800 Exception <a 'java/lang/NoSuchMethodError': java.lang.Object.lambda$adaptFilter$0(Lorg/junit/platform/engine/Filter;Ljava/util/function/Function;Ljava/lang/Object;)Lorg/junit/platform/engine/FilterResult;> (0x00000000d6e03e98) thrown at [C:\re\workspace\8
Event: 0.444 Thread 0x0000000002ff4800 Exception <a 'java/lang/NoSuchMethodError': java.lang.Object.lambda$toPredicate$1(Ljava/lang/Object;)Z> (0x00000000d6e1cb70) thrown at [C:\re\workspace\8-2-build-windows-amd64-cygwin\jdk8u111\7883\hotspot\src\share\vm\interpreter\linkResolver.cpp, line 58
Event: 0.489 Thread 0x0000000002ff4800 Exception <a 'java/lang/NoSuchMethodError': java.lang.Object.lambda$andThen$1(Ljava/util/function/Function;Ljava/lang/Object;)Ljava/lang/Object;> (0x00000000d709e5e0) thrown at [C:\re\workspace\8-2-build-windows-amd64-cygwin\jdk8u111\7883\hotspot\src\shar
Event: 0.494 Thread 0x0000000002ff4800 Exception <a 'java/lang/NoSuchMethodError': java.lang.Object.lambda$isEqual$3(Ljava/lang/Object;Ljava/lang/Object;)Z> (0x00000000d70c92e0) thrown at [C:\re\workspace\8-2-build-windows-amd64-cygwin\jdk8u111\7883\hotspot\src\share\vm\interpreter\linkResolve

Events (10 events):
Event: 0.579 loading class org/apache/log4j/helpers/PatternParser$BasicPatternConverter
Event: 0.579 loading class org/apache/log4j/helpers/PatternParser$BasicPatternConverter done
Event: 0.579 loading class org/apache/log4j/helpers/PatternParser$MDCPatternConverter
Event: 0.579 loading class org/apache/log4j/helpers/PatternParser$MDCPatternConverter done
Event: 0.580 loading class org/apache/log4j/helpers/PatternParser$LiteralPatternConverter
Event: 0.580 loading class org/apache/log4j/helpers/PatternParser$LiteralPatternConverter done
Event: 0.580 loading class org/apache/log4j/helpers/FormattingInfo
Event: 0.580 loading class org/apache/log4j/helpers/FormattingInfo done
Event: 0.581 loading class org/apache/log4j/config/PropertySetter
Event: 0.581 loading class org/apache/log4j/config/PropertySetter done


Dynamic libraries:
0x00007ff65e980000 - 0x00007ff65e9b7000 	D:\Program Files\Java\jdk1.8.0_111\bin\java.exe
0x00007ff8a1ac0000 - 0x00007ff8a1c81000 	C:\Windows\SYSTEM32\ntdll.dll
0x00007ff8a19f0000 - 0x00007ff8a1a9d000 	C:\Windows\system32\KERNEL32.DLL
0x00007ff89eb00000 - 0x00007ff89ece8000 	C:\Windows\system32\KERNELBASE.dll
0x00007ff8a16c0000 - 0x00007ff8a1767000 	C:\Windows\system32\ADVAPI32.dll
0x00007ff8a1310000 - 0x00007ff8a13ad000 	C:\Windows\system32\msvcrt.dll
0x00007ff8a1510000 - 0x00007ff8a156b000 	C:\Windows\system32\sechost.dll
0x00007ff8a0b10000 - 0x00007ff8a0c2c000 	C:\Windows\system32\RPCRT4.dll
0x00007ff8a13b0000 - 0x00007ff8a1506000 	C:\Windows\system32\USER32.dll
0x00007ff8a1120000 - 0x00007ff8a12a6000 	C:\Windows\system32\GDI32.dll
0x00007ff899cc0000 - 0x00007ff899f34000 	C:\Windows\WinSxS\amd64_microsoft.windows.common-controls_6595b64144ccf1df_6.0.10586.589_none_a2ddb3caa539acce\COMCTL32.dll
0x00007ff8a1770000 - 0x00007ff8a19ed000 	C:\Windows\system32\combase.dll
0x00007ff89e440000 - 0x00007ff89e4aa000 	C:\Windows\system32\bcryptPrimitives.dll
0x00007ff8a0c30000 - 0x00007ff8a0c6b000 	C:\Windows\system32\IMM32.DLL
0x0000000069510000 - 0x00000000695e2000 	D:\Program Files\Java\jdk1.8.0_111\jre\bin\msvcr100.dll
0x00000000696b0000 - 0x0000000069f4a000 	D:\Program Files\Java\jdk1.8.0_111\jre\bin\server\jvm.dll
0x00007ff8a1ab0000 - 0x00007ff8a1ab8000 	C:\Windows\system32\PSAPI.DLL
0x00007ff891060000 - 0x00007ff891069000 	C:\Windows\SYSTEM32\WSOCK32.dll
0x00007ff89c470000 - 0x00007ff89c493000 	C:\Windows\SYSTEM32\WINMM.dll
0x00007ff89a8f0000 - 0x00007ff89a8fa000 	C:\Windows\SYSTEM32\VERSION.dll
0x00007ff8a0f50000 - 0x00007ff8a0fbb000 	C:\Windows\system32\WS2_32.dll
0x00007ff89c330000 - 0x00007ff89c35c000 	C:\Windows\SYSTEM32\WINMMBASE.dll
0x00007ff89e360000 - 0x00007ff89e3a3000 	C:\Windows\system32\cfgmgr32.dll
0x000000006a430000 - 0x000000006a43f000 	D:\Program Files\Java\jdk1.8.0_111\jre\bin\verify.dll
0x000000006a400000 - 0x000000006a429000 	D:\Program Files\Java\jdk1.8.0_111\jre\bin\java.dll
0x000000006a3e0000 - 0x000000006a3f6000 	D:\Program Files\Java\jdk1.8.0_111\jre\bin\zip.dll
0x00007ff89eec0000 - 0x00007ff8a041c000 	C:\Windows\system32\SHELL32.dll
0x00007ff89e4b0000 - 0x00007ff89eaf5000 	C:\Windows\system32\windows.storage.dll
0x00007ff8a12b0000 - 0x00007ff8a1302000 	C:\Windows\system32\shlwapi.dll
0x00007ff89e150000 - 0x00007ff89e15f000 	C:\Windows\system32\kernel.appcore.dll
0x00007ff89e2a0000 - 0x00007ff89e355000 	C:\Windows\system32\shcore.dll
0x00007ff89e100000 - 0x00007ff89e14b000 	C:\Windows\system32\powrprof.dll
0x00007ff89e0e0000 - 0x00007ff89e0f4000 	C:\Windows\system32\profapi.dll
0x00007ff89bc70000 - 0x00007ff89bc80000 	D:\IntelliJ IDEA 2016.3.1\bin\breakgen64.dll
0x000000006a1d0000 - 0x000000006a1ea000 	D:\Program Files\Java\jdk1.8.0_111\jre\bin\net.dll
0x00007ff89da10000 - 0x00007ff89da6c000 	C:\Windows\system32\mswsock.dll

VM Arguments:
jvm_args: -ea -Didea.launcher.port=7533 -Didea.launcher.bin.path=D:\IntelliJ IDEA 2016.3.1\bin -Dfile.encoding=UTF-8 
java_command: com.intellij.rt.execution.application.AppMain com.intellij.rt.execution.junit.JUnitStarter -ideVersion5 -junit5 com.demo.designModel.CglibDynamicProxyTest,aopTargetUtilsTest
java_class_path (initial): D:\IntelliJ IDEA 2016.3.1\lib\idea_rt.jar;D:\IntelliJ IDEA 2016.3.1\plugins\junit\lib\junit-rt.jar;D:\Program Files\Java\jdk1.8.0_111\jre\lib\charsets.jar;D:\Program Files\Java\jdk1.8.0_111\jre\lib\deploy.jar;D:\Program Files\Java\jdk1.8.0_111\jre\lib\ext\access-bridge-64.jar;D:\Program Files\Java\jdk1.8.0_111\jre\lib\ext\cldrdata.jar;D:\Program Files\Java\jdk1.8.0_111\jre\lib\ext\dnsns.jar;D:\Program Files\Java\jdk1.8.0_111\jre\lib\ext\jaccess.jar;D:\Program Files\Java\jdk1.8.0_111\jre\lib\ext\jfxrt.jar;D:\Program Files\Java\jdk1.8.0_111\jre\lib\ext\localedata.jar;D:\Program Files\Java\jdk1.8.0_111\jre\lib\ext\nashorn.jar;D:\Program Files\Java\jdk1.8.0_111\jre\lib\ext\sunec.jar;D:\Program Files\Java\jdk1.8.0_111\jre\lib\ext\sunjce_provider.jar;D:\Program Files\Java\jdk1.8.0_111\jre\lib\ext\sunmscapi.jar;D:\Program Files\Java\jdk1.8.0_111\jre\lib\ext\sunpkcs11.jar;D:\Program Files\Java\jdk1.8.0_111\jre\lib\ext\zipfs.jar;D:\Program Files\Java\jdk1.8.0_111\jre\lib\javaws.jar;D:\Program Files\Java\jdk1.8.0_111\jre\lib\jce.jar;D:\Program Files\Java\jdk1.8.0_111\jre\lib\jfr.jar;D:\Program Files\Java\jdk1.8.0_111\jre\lib\jfxswt.jar;D:\Program Files\Java\jdk1.8.0_111\jre\lib\jsse.jar;D:\Program Files\Java\jdk1.8.0_111\jre\lib\management-agent.jar;D:\Program Files\Java\jdk1.8.0_111\jre\lib\plugin.jar;D:\Program Files\Java\jdk1.8.0_111\jre\lib\resources.jar;D:\Program Files\Java\jdk1.8.0_111\jre\lib\rt.jar;E:\Git\Demo\target\classes;E:\Maven\Repositories\junit\junit\4.12\junit-4.12.jar;E:\Maven\Repositories\org\hamcrest\hamcrest-core\1.3\hamcrest-core-1.3.jar;E:\Maven\Repositories\org\projectlombok\lombok\1.16.12\lombok-1.16.12.jar;E:\Maven\Repositories\org\apache\commons\commons-lang3\3.5\commons-lang3-3.5.jar;E:\Maven\Repositories\log4j\log4j\1.2.17\log4j-1.2.17.jar;E:\Maven\Repositories\org\slf4j\slf4j-api\1.7.22\slf4j-api-1.7.22.jar;E:\Maven\Repositories\org\slf4j\slf4j-log4j12\1.7.22\slf4j-log4j12-1.7.22.jar;E:\Maven\Repositories\org\junit\j
Launcher Type: SUN_STANDARD

Environment Variables:
JAVA_HOME=D:\Program Files\Java\jdk1.8.0_111
PATH=D:\nTurn\Goto;C:\Users\ankang\AppData\Local\Temp\7zO8FDE4B20\Goto;C:\Program Files (x86)\NVIDIA Corporation\PhysX\Common;D:\app\oracle\product\10.2.0\server\bin;C:\Windows\system32;C:\Windows;C:\Windows\System32\Wbem;C:\Windows\System32\WindowsPowerShell\v1.0\;"D:\Program Files\Java\jdk1.8.0_111\bin";D:\VanDyke Software\Clients\;C:\Program Files (x86)\MySQL\MySQL Server 5.0\bin;D:\Skype\Phone\;D:\Subversion\bin;D:\VisualSVN Server\bin;D:\Program Files\TortoiseSVN\bin;D:\apache-maven-3.3.9\bin
USERNAME=ankang
OS=Windows_NT
PROCESSOR_IDENTIFIER=Intel64 Family 6 Model 60 Stepping 3, GenuineIntel



---------------  S Y S T E M  ---------------

OS: Windows 10.0 , 64 bit Build 10586 (10.0.10586.589)

CPU:total 8 (4 cores per cpu, 2 threads per core) family 6 model 60 stepping 3, cmov, cx8, fxsr, mmx, sse, sse2, sse3, ssse3, sse4.1, sse4.2, popcnt, avx, avx2, aes, clmul, erms, lzcnt, ht, tsc, tscinvbit, bmi1, bmi2

Memory: 4k page, physical 8247000k(2014264k free), swap 8247000k(4196k free)

vm_info: Java HotSpot(TM) 64-Bit Server VM (25.111-b14) for windows-amd64 JRE (1.8.0_111-b14), built on Sep 22 2016 19:24:05 by "java_re" with MS VC++ 10.0 (VS2010)

time: Wed Feb 01 12:02:15 2017
elapsed time: 0 seconds (0d 0h 0m 0s)

